
> fechadurabiometrica.com.br@0.0.1 build
> astro build

[2m02:52:21[22m [34m[content][39m Syncing content
[2m02:52:21[22m [34m[content][39m Synced content
[2m02:52:21[22m [34m[types][39m Generated [2m895ms[22m
[2m02:52:21[22m [34m[build][39m output: [34m"static"[39m
[2m02:52:21[22m [34m[build][39m mode: [34m"server"[39m
[2m02:52:21[22m [34m[build][39m directory: [34mC:\Users\willt\OneDrive\Desktop\Meus Documentos\fechadurabiometrica.com.br\dist\[39m
[2m02:52:21[22m [34m[build][39m adapter: [32m@astrojs/vercel[39m
[2m02:52:21[22m [34m[build][39m Collecting build info...
[2m02:52:21[22m [34m[build][39m [32mÔ£ô Completed in 998ms.[39m
[2m02:52:21[22m [34m[build][39m Building server entrypoints...
[2m02:52:24[22m [34m[vite][39m [32mÔ£ô built in 3.50s[39m
[2m02:52:24[22m [34m[build][39m [32mÔ£ô Completed in 3.57s.[39m

[42m[30m building client (vite) [39m[49m
[2m02:52:24[22m [34m[vite][39m transforming...
[2m02:52:26[22m [34m[vite][39m [32mÔ£ô[39m 26 modules transformed.
[2m02:52:26[22m [34m[vite][39m rendering chunks...
[2m02:52:26[22m [34m[vite][39m computing gzip size...
[2m02:52:26[22m [34m[vite][39m [2mdist/client/[22m[36m_astro/client.T9fhd2RU.js  [39m[1m[2m194.63 kB[22m[1m[22m[2m Ôöé gzip: 60.99 kB[22m
[2m02:52:26[22m [34m[vite][39m [32mÔ£ô built in 1.52s[39m

[42m[30m prerendering static routes [39m[49m
[2m02:52:26[22m [32mÔûÂ[39m src/pages/blog/index.astro
[2m02:52:26[22m   [34mÔööÔöÇ[39m [2m/blog/index.html[22m [2m(+34ms)[22m 
[2m02:52:26[22m [32mÔûÂ[39m src/pages/blog/[...slug].astro
[2m02:52:26[22m   [34mÔööÔöÇ[39m [2m/blog/teste-review/index.html[22m [2m(+8ms)[22m 
[2m02:52:26[22m [32mÔûÂ[39m src/pages/categorias/intelbras.astro
[2m02:52:26[22m   [34mÔööÔöÇ[39m [2m/categorias/intelbras/index.html[22m [2m(+5ms)[22m 
[2m02:52:26[22m [32mÔûÂ[39m src/pages/categorias/porta-de-vidro.astro
[2m02:52:26[22m   [34mÔööÔöÇ[39m [2m/categorias/porta-de-vidro/index.html[22m [2m(+5ms)[22m 
[2m02:52:26[22m [32mÔûÂ[39m src/pages/categorias/portao-externo.astro
[2m02:52:26[22m   [34mÔööÔöÇ[39m [2m/categorias/portao-externo/index.html[22m [2m(+14ms)[22m 
[2m02:52:26[22m [32mÔûÂ[39m src/pages/contato.astro
[2m02:52:26[22m   [34mÔööÔöÇ[39m [2m/contato/index.html[22m [2m(+4ms)[22m 
[2m02:52:26[22m [32mÔûÂ[39m src/pages/guias/melhores-fechaduras-biometricas-2026.astro
[2m02:52:26[22m   [34mÔööÔöÇ[39m [2m/guias/melhores-fechaduras-biometricas-2026/index.html[22m [2m(+11ms)[22m 
[2m02:52:26[22m [32mÔûÂ[39m src/pages/guias/melhores-fechaduras-porta-de-vidro-2026.astro
[2m02:52:26[22m   [34mÔööÔöÇ[39m [2m/guias/melhores-fechaduras-porta-de-vidro-2026/index.html[22m [2m(+6ms)[22m 
[2m02:52:26[22m [32mÔûÂ[39m src/pages/ofertas.astro
[2m02:52:26[22m   [34mÔööÔöÇ[39m [2m/ofertas/index.html[22m [2m(+5ms)[22m 
[2m02:52:26[22m [32mÔûÂ[39m src/pages/privacidade.astro
[2m02:52:26[22m   [34mÔööÔöÇ[39m [2m/privacidade/index.html[22m [2m(+3ms)[22m 
[2m02:52:26[22m [32mÔûÂ[39m src/pages/review/[slug].astro
[2m02:52:26[22m   [34mÔö£ÔöÇ[39m [2m/review/elsys-esf-de4000b/index.html[22m [2m(+12ms)[22m 
node.exe : Cannot read properties of undefined (reading 
'slice')
No linha:1 caractere:1
+ & "C:\Program Files\nodejs/node.exe" "C:\Program 
Files\nodejs/node_mo ...
+ ~~~~~~~~~~~~~~~~~~~~~~~~~~~~~~~~~~~~~~~~~~~~~~~~~~~~~~~~~~
~~~~~~~~~~~
    + CategoryInfo          : NotSpecified: (Cannot read pr 
   o...eading 'slice'):String) [], RemoteException
    + FullyQualifiedErrorId : NativeCommandError
 
  [1mLocation:[22m
    [4mC:\Users\willt\OneDrive\Desktop\Meus Documentos\fech
adurabiometrica.com.br\node_modules\astro\dist\runtime\serve
r\render\astro\render.js:96:25[24m
  [1mStack trace:[22m
[2m    at Object.default (file:///C:/Users/willt/OneDrive/D
esktop/Meus%20Documentos/fechadurabiometrica.com.br/dist/ser
ver/pages/review/_slug_.astro.mjs?time=1772689946723:176:184
82)
    at createAstroComponentInstance (file:///C:/Users/willt/
OneDrive/Desktop/Meus%20Documentos/fechadurabiometrica.com.b
r/dist/server/chunks/astro/server_z-uCv7Qm.mjs:1915:20)
    at renderComponent (file:///C:/Users/willt/OneDrive/Desk
top/Meus%20Documentos/fechadurabiometrica.com.br/dist/server
/chunks/astro/server_z-uCv7Qm.mjs:2538:12)
    at async callComponentAsTemplateResultOrResponse (file:/
//C:/Users/willt/OneDrive/Desktop/Meus%20Documentos/fechadur
abiometrica.com.br/node_modules/astro/dist/runtime/server/re
nder/astro/render.js:96:25)
    at async renderPage (file:///C:/Users/willt/OneDrive/Des
ktop/Meus%20Documentos/fechadurabiometrica.com.br/node_modul
es/astro/dist/runtime/server/render/page.js:36:24)[22m
[2m02:52:26[22m   [34mÔö£ÔöÇ[39m [2m/review/fechadura-digital-pado-fds-50/index.html[22m
