[     973ms] [ERROR] Mixed Content: The page at 'https://www.brandsoftheworld.com/logo/mercado-livre-0?original=1' was loaded over HTTPS, but requested an insecure script 'http://pagead2.googlesyndication.com/pagead/show_ads.js'. This request has been blocked; the content must be served over HTTPS. @ https://www.brandsoftheworld.com/logo/mercado-livre-0?original=1:0
[     974ms] [ERROR] Mixed Content: The page at 'https://www.brandsoftheworld.com/logo/mercado-livre-0?original=1' was loaded over HTTPS, but requested an insecure script 'http://platform.twitter.com/widgets.js'. This request has been blocked; the content must be served over HTTPS. @ https://www.brandsoftheworld.com/logo/mercado-livre-0?original=1:0
[     983ms] [ERROR] Mixed Content: The page at 'https://www.brandsoftheworld.com/logo/mercado-livre-0?original=1' was loaded over HTTPS, but requested an insecure frame 'http://www.facebook.com/plugins/like.php?href=http%3A%2F%2Fbrandsoftheworld.com/logo/mercado-livre-0&layout=standard&show_faces=true&width=253&action=like&font=lucida+grande&colorscheme=light&height=30'. This request has been blocked; the content must be served over HTTPS. @ https://www.brandsoftheworld.com/logo/mercado-livre-0?original=1:209
[    2293ms] [WARNING] [GPT] Using deprecated googletag.encryptedSignalProviders. Please use googletag.secureSignalProviders instead.
https://goo.gle/gpt-message#155 @ https://securepubads.g.doubleclick.net/pagead/managed/js/gpt/m202603020101/pubads_impl.js:18
[    2341ms] [WARNING] Google Deploy of the SharedId library has been deprecated. Please select another option in the GAM UI. If you use Prebid, we suggest the Prebid.js UserId option. If you do not, you may configure GAM to allow Google to share a first party user identifier with OB and AB participants, which is either the publisherProvidedId or the __gads value when that is missing. @ https://cdn.jsdelivr.net/gh/prebid/shared-id/pubcid.js/docs/pubcid.min.js:0
[    2361ms] [WARNING] [GPT] Using deprecated googletag.encryptedSignalProviders. Please use googletag.secureSignalProviders instead.
https://goo.gle/gpt-message#155 @ https://securepubads.g.doubleclick.net/pagead/managed/js/gpt/m202603020101/pubads_impl.js:18
[    2554ms] [WARNING] [GPT] Using deprecated googletag.encryptedSignalProviders. Please use googletag.secureSignalProviders instead.
https://goo.gle/gpt-message#155 @ https://securepubads.g.doubleclick.net/pagead/managed/js/gpt/m202603020101/pubads_impl.js:18
[    2837ms] [ERROR] Failed to load resource: the server responded with a status of 400 () @ https://ups.analytics.yahoo.com/ups/58813/fed?gpp_sid=-1&v=1&url=https%3A%2F%2Fwww.brandsoftheworld.com%2Flogo%2Fmercado-livre-0:0
[    4169ms] [ERROR] %chb-3.0 color: white; font-weight: 700; background: #fd3c34; padding: 2px 4px; border-radius: 4px; wPbjs => npt not found >>> initNear @ https://hb.brainlyads.com/pbjs_wrapper.v3.0.js:1
[    4221ms] [ERROR] %chb-3.0 color: white; font-weight: 700; background: #fd3c34; padding: 2px 4px; border-radius: 4px; wPbjs => npt not found >>> initNear @ https://hb.brainlyads.com/pbjs_wrapper.v3.0.js:1
[    4253ms] [ERROR] %chb-3.0 color: white; font-weight: 700; background: #fd3c34; padding: 2px 4px; border-radius: 4px; wPbjs => npt not found >>> initNear @ https://hb.brainlyads.com/pbjs_wrapper.v3.0.js:1
[    7117ms] [ERROR] Failed to load resource: the server responded with a status of 451 () @ https://id.rlcdn.com/464246.gif?partner_uid=72323692-d5ad-4bfc-ab9f-53b3488bc85d&gdpr=0&gdpr_consent=null:0
[    7272ms] [ERROR] Refused to execute script from 'https://jadserve.postrelease.com/suid/102047?vk=2-e677facdda1542fc857220db6d64a3f6&gdpr=0&gdpr_consent=null&ntv_gpp_consent=undefined&ntv_r=https%3a%2f%2fcapi.connatix.com%2fcore%2fus%3fDemandPartner%3d75%26UserId%3d2-e677facdda1542fc857220db6d64a3f6%26DemandPartnerName%3dNativo%26tier%3d1%26DemandPartnerUserId%3DNTV_USER_ID' because its MIME type ('image/gif') is not executable. @ https://www.brandsoftheworld.com/logo/mercado-livre-0?original=1:0
[    7272ms] [ERROR] Refused to execute script from 'https://dis.criteo.com/dis/usersync.aspx?r=73&p=342&dis=0&url=https%3a%2f%2fssp-sync.criteo.com%2fuser-sync%2fredirect%3fuid%3d%40%40CRITEO_USERID%40%40%26dised%3dtrue%26gdpr%3dnull%26gdprapplies%3dFalse%26ccpa%3dnull%26gpp%3dundefined%26gpp_sid%3dundefined%26profile%3d342%26redir%3dhttps%253A%252F%252Fcks.connatix.com%252Fcks%253Fpid%253D61%2526ev%253D2-e677facdda1542fc857220db6d64a3f6%2526pname%253DCriteo%2526api-tier%253D1%2526uid%253D%2524%7bCRITEO_USER_ID%7d&gdpr=&gdpr_consent=null&gpp=undefined&gpp_sid=undefined' because its MIME type ('image/gif') is not executable. @ https://www.brandsoftheworld.com/logo/mercado-livre-0?original=1:0
[    7286ms] [ERROR] Refused to execute script from 'https://eb2.3lift.com/getuid?gpp=undefined&gpp_sid=undefined&gdpr=0&gdpr_consent=null&us_privacy=null&redir=https%3a%2f%2fcks.connatix.com%2fcks%3fpid%3d25%26ev%3d2-e677facdda1542fc857220db6d64a3f6%26pname%3dTripleLift%26api-tier%3d1%26uid%3d%24UID' because its MIME type ('image/gif') is not executable. @ https://www.brandsoftheworld.com/logo/mercado-livre-0?original=1:0
[    7300ms] [ERROR] Syncing cannot be made with  https://jadserve.postrelease.com/suid/102047?vk=2-e677facdda1542fc857220db6d64a3f6&gdpr=0&gdpr_consent=null&ntv_gpp_consent=undefined&ntv_r=https%3a%2f%2fcapi.connatix.com%2fcore%2fus%3fDemandPartner%3d75%26UserId%3d2-e677facdda1542fc857220db6d64a3f6%26DemandPartnerName%3dNativo%26tier%3d1%26DemandPartnerUserId%3DNTV_USER_ID @ https://cds.connatix.com/p/219774578/cSyncRemote.js:0
[    7301ms] [ERROR] Syncing cannot be made with  https://ssp-sync.criteo.com/user-sync/redirect?profile=342&gdprapplies=0&gdpr=null&ccpa=null&gpp=undefined&gpp_sid=undefined&redir=https%3a%2f%2fcks.connatix.com%2fcks%3fpid%3d61%26ev%3d2-e677facdda1542fc857220db6d64a3f6%26pname%3dCriteo%26api-tier%3d1%26uid%3D%24%7BCRITEO_USER_ID%7D @ https://cds.connatix.com/p/219774578/cSyncRemote.js:0
[    7301ms] [ERROR] Syncing cannot be made with  https://eb2.3lift.com/getuid?gpp=undefined&gpp_sid=undefined&gdpr=0&gdpr_consent=null&us_privacy=null&redir=https%3a%2f%2fcks.connatix.com%2fcks%3fpid%3d25%26ev%3d2-e677facdda1542fc857220db6d64a3f6%26pname%3dTripleLift%26api-tier%3d1%26uid%3d%24UID @ https://cds.connatix.com/p/219774578/cSyncRemote.js:0
[    7679ms] [ERROR] Refused to execute script from 'https://c1.adform.net/cookie?redirect_url=https%3A%2F%2Fcks.connatix.com%2Fcks%3Fpid%3D46%26ev%3D2-e677facdda1542fc857220db6d64a3f6%26pname%3DAdForm%26api-tier%3D1%26uid%3D%24UID&gdpr=0' because its MIME type ('image/gif') is not executable. @ https://www.brandsoftheworld.com/logo/mercado-livre-0?original=1:0
[    7680ms] [ERROR] Syncing cannot be made with  https://c1.adform.net/cookie?redirect_url=https%3A%2F%2Fcks.connatix.com%2Fcks%3Fpid%3D46%26ev%3D2-e677facdda1542fc857220db6d64a3f6%26pname%3DAdForm%26api-tier%3D1%26uid%3D%24UID&gdpr=0 @ https://cds.connatix.com/p/219774578/cSyncRemote.js:0
[    7969ms] [ERROR] Failed to load resource: the server responded with a status of 451 () @ https://id.rlcdn.com/712202.gif?cparams=2-e677facdda1542fc857220db6d64a3f6&gdpr=0:0
[    8064ms] [ERROR] Refused to execute script from 'https://capi.connatix.com/us/pixel?puid=2858044855053018131&pId=40&gdpr=0&gdpr_consent=' because its MIME type ('image/gif') is not executable. @ https://www.brandsoftheworld.com/logo/mercado-livre-0?original=1:0
[    8064ms] [ERROR] Syncing cannot be made with  https://ssbsync.smartadserver.com/api/sync?callerId=6&nwid=3630&gdpr=0&gdpr_consent=null&url=https%3a%2f%2fcks.connatix.com%2fcks%3fpid%3d40%26ev%3d2-e677facdda1542fc857220db6d64a3f6%26pname%3dSmartAdServer%26api-tier%3d1%26uid%3D%5Bsas_uid%5D @ https://cds.connatix.com/p/219774578/cSyncRemote.js:0
[    8264ms] [ERROR] Failed to load resource: net::ERR_NAME_NOT_RESOLVED @ https://usermatch.krxd.net/um/v2?partner=tapad:0
[   11391ms] [ERROR] Failed to load resource: the server responded with a status of 403 () @ chrome-error://chromewebdata/:0
[   11420ms] [ERROR] Refused to display 'https://csync.smilewanted.com/' in a frame because it set 'X-Frame-Options' to 'sameorigin'. @ chrome-error://chromewebdata/:0
[    8264ms] [ERROR] Failed to load resource: net::ERR_NAME_NOT_RESOLVED @ https://usermatch.krxd.net/um/v2?partner=tapad:0
[   12812ms] [ERROR] Failed to load resource: the server responded with a status of 410 (Gone) @ https://ads.stickyadstv.com/pbs-user-sync?gdpr=0&gdpr_consent=&us_privacy=&gpp=&gpp_sid=&r=https%3A%2F%2Fcookies.nextmillmedia.com%2Fsetuid%3Fbidder%3Dfreewheel-ssp%26nmuid%3D%26gdpr%3D0%26gdpr_consent%3D%26us_privacy%3D%26uid%3D%7Bviewerid%7D:0
[   13358ms] [ERROR] Failed to load resource: the server responded with a status of 400 () @ https://cs.ingage.tech/v1/sync/equative/c90e8efc-56c9-4a9c-b2cd-0c065cdeb877?uid=:0
[    7117ms] [ERROR] Failed to load resource: the server responded with a status of 451 () @ https://id.rlcdn.com/464246.gif?partner_uid=72323692-d5ad-4bfc-ab9f-53b3488bc85d&gdpr=0&gdpr_consent=null:0
[    7117ms] [ERROR] Failed to load resource: the server responded with a status of 451 () @ https://id.rlcdn.com/464246.gif?partner_uid=72323692-d5ad-4bfc-ab9f-53b3488bc85d&gdpr=0&gdpr_consent=null:0
[   13818ms] [ERROR] Failed to load resource: the server responded with a status of 451 () @ https://id.rlcdn.com/709996.gif:0
[   14146ms] [ERROR] Failed to load resource: the server responded with a status of 451 () @ https://id.rlcdn.com/709996.gif:0
[   14495ms] [ERROR] Failed to load resource: the server responded with a status of 400 () @ https://cs.ingage.tech/v1/sync/loopme/c90e8efc-56c9-4a9c-b2cd-0c065cdeb877?uid=88adcd1c-1440-455d-8a76-ad3cc582cbfb:0
[    7117ms] [ERROR] Failed to load resource: the server responded with a status of 451 () @ https://id.rlcdn.com/464246.gif?partner_uid=72323692-d5ad-4bfc-ab9f-53b3488bc85d&gdpr=0&gdpr_consent=null:0
[   13818ms] [ERROR] Failed to load resource: the server responded with a status of 451 () @ https://id.rlcdn.com/709996.gif:0
[   14146ms] [ERROR] Failed to load resource: the server responded with a status of 451 () @ https://id.rlcdn.com/709996.gif:0
[   14953ms] [ERROR] Failed to load resource: the server responded with a status of 424 (Failed Dependency) @ https://t.adx.opera.com/pub/sync?pubid=pub10101531197440&gdpr=1&gdpr_consent=:0
[   15128ms] [ERROR] Failed to load resource: the server responded with a status of 404 () @ https://cs.seedtag.com/cookiesync/bidswitch-beachfront?channeluid=1a9241b3-d5c6-4f7f-8ef1-6978fd5bbd99:0
