[    2998ms] [WARNING] [GSI_LOGGER]: Your client application uses one of the Google One Tap prompt UI status methods that may stop functioning when FedCM becomes mandatory. Refer to the migration guide to update your code accordingly and opt-in to FedCM to test your changes. Learn more: https://developers.google.com/identity/gsi/web/guides/fedcm-migration?s=dc#display_moment and https://developers.google.com/identity/gsi/web/guides/fedcm-migration?s=dc#skipped_moment @ https://www.mercadolivre.com.br/:2
[    3007ms] [ERROR] Not signed in with the identity provider. @ https://www.mercadolivre.com.br/:0
[    3465ms] [ERROR] Failed to load resource: the server responded with a status of 429 () @ https://api.mercadolibre.com/melidata/tracks/component_prints:0
[    3476ms] [ERROR] Failed to load resource: the server responded with a status of 429 () @ https://api.mercadolibre.com/melidata/tracks/component_prints:0
[    3486ms] [ERROR] Failed to load resource: the server responded with a status of 429 () @ https://api.mercadolibre.com/melidata/tracks/component_prints:0
[    3498ms] [ERROR] Failed to load resource: the server responded with a status of 429 () @ https://api.mercadolibre.com/melidata/tracks/component_prints:0
[    3512ms] [ERROR] Failed to load resource: the server responded with a status of 429 () @ https://api.mercadolibre.com/melidata/tracks/component_prints:0
[    3521ms] [ERROR] Failed to load resource: the server responded with a status of 429 () @ https://api.mercadolibre.com/melidata/tracks/component_prints:0
[    3531ms] [ERROR] Failed to load resource: the server responded with a status of 429 () @ https://api.mercadolibre.com/melidata/tracks/component_prints:0
[    3652ms] [ERROR] Failed to load resource: the server responded with a status of 429 () @ https://api.mercadolibre.com/melidata/tracks/component_prints:0
[    3665ms] [ERROR] Failed to load resource: the server responded with a status of 429 () @ https://api.mercadolibre.com/melidata/tracks/component_prints:0
[    3669ms] [ERROR] Failed to load resource: the server responded with a status of 429 () @ https://api.mercadolibre.com/melidata/tracks/component_prints:0
[    3686ms] [ERROR] Failed to load resource: the server responded with a status of 429 () @ https://api.mercadolibre.com/melidata/tracks/component_prints:0
[    3700ms] [ERROR] Failed to load resource: the server responded with a status of 429 () @ https://api.mercadolibre.com/melidata/tracks/component_prints:0
[    3821ms] [ERROR] Failed to load resource: the server responded with a status of 429 () @ https://api.mercadolibre.com/melidata/tracks/component_prints:0
[    3838ms] [ERROR] Failed to load resource: the server responded with a status of 429 () @ https://api.mercadolibre.com/melidata/tracks/component_prints:0
[    3863ms] [ERROR] Failed to load resource: the server responded with a status of 429 () @ https://api.mercadolibre.com/melidata/tracks/component_prints:0
[    3874ms] [ERROR] Failed to load resource: the server responded with a status of 429 () @ https://api.mercadolibre.com/melidata/tracks/component_prints:0
[    4007ms] [ERROR] Failed to load resource: the server responded with a status of 429 () @ https://api.mercadolibre.com/melidata/tracks/component_prints:0
[    4020ms] [ERROR] Failed to load resource: the server responded with a status of 429 () @ https://api.mercadolibre.com/melidata/tracks/component_prints:0
[    4051ms] [ERROR] Failed to load resource: the server responded with a status of 429 () @ https://api.mercadolibre.com/melidata/tracks/component_prints:0
[    4064ms] [ERROR] Failed to load resource: the server responded with a status of 429 () @ https://api.mercadolibre.com/melidata/tracks/component_prints:0
[    4180ms] [ERROR] Failed to load resource: the server responded with a status of 429 () @ https://api.mercadolibre.com/melidata/tracks/component_prints:0
[    4196ms] [ERROR] Failed to load resource: the server responded with a status of 429 () @ https://api.mercadolibre.com/melidata/tracks/component_prints:0
[    9846ms] [ERROR] Failed to load resource: the server responded with a status of 429 () @ https://api.mercadolibre.com/melidata/tracks/component_prints:0
[   10390ms] [ERROR] [GSI_LOGGER]: FedCM get() rejects with NetworkError: Error retrieving a token. @ https://www.mercadolivre.com.br/:2
[   14833ms] [ERROR] Failed to load resource: the server responded with a status of 429 () @ https://api.mercadolibre.com/melidata/tracks/component_prints:0
[   15009ms] [ERROR] Failed to load resource: the server responded with a status of 429 () @ https://api.mercadolibre.com/melidata/tracks/component_prints:0
[   15188ms] [ERROR] Failed to load resource: the server responded with a status of 429 () @ https://api.mercadolibre.com/melidata/tracks/component_prints:0
