[     279ms] [WARNING] WebSocket connection to 'ws://localhost:3100/api/companies/f714b013-1227-46ef-b551-2f44a841f624/events/ws' failed: WebSocket is closed before the connection is established. @ http://localhost:3100/assets/index-jDIK0KDk.js:1119
[     364ms] [WARNING] <meta name="apple-mobile-web-app-capable" content="yes"> is deprecated. Please include <meta name="mobile-web-app-capable" content="yes"> @ http://localhost:3100/FEC/agents/curador-de-ux-design/settings:0
[   30285ms] [ERROR] Failed to load resource: the server responded with a status of 500 (Internal Server Error) @ http://localhost:3100/api/agents/curador-de-ux-design?companyId=f714b013-1227-46ef-b551-2f44a841f624:0
[   30347ms] [ERROR] Failed to load resource: the server responded with a status of 500 (Internal Server Error) @ http://localhost:3100/api/companies/784ff030-4b33-4651-8bdb-5fcfbec17b0d/sidebar-badges:0
[   48959ms] [ERROR] Failed to load resource: the server responded with a status of 500 (Internal Server Error) @ http://localhost:3100/api/companies/784ff030-4b33-4651-8bdb-5fcfbec17b0d/live-runs:0
[   60415ms] [ERROR] Failed to load resource: the server responded with a status of 500 (Internal Server Error) @ http://localhost:3100/api/companies/89c86cab-6fee-4e92-8931-437ccff6e932/live-runs:0
[   77589ms] [ERROR] Failed to load resource: the server responded with a status of 500 (Internal Server Error) @ http://localhost:3100/api/companies/f714b013-1227-46ef-b551-2f44a841f624/heartbeat-runs?agentId=2db560f6-e27a-489f-9136-6e58fb39d37e:0
[  137320ms] [ERROR] Failed to load resource: the server responded with a status of 500 (Internal Server Error) @ http://localhost:3100/api/companies/f714b013-1227-46ef-b551-2f44a841f624/sidebar-badges:0
[  145981ms] [ERROR] Failed to load resource: the server responded with a status of 500 (Internal Server Error) @ http://localhost:3100/api/companies/f714b013-1227-46ef-b551-2f44a841f624/live-runs:0
[  217046ms] [ERROR] Failed to load resource: the server responded with a status of 500 (Internal Server Error) @ http://localhost:3100/api/companies/f714b013-1227-46ef-b551-2f44a841f624/live-runs:0
[  231700ms] [ERROR] Failed to load resource: the server responded with a status of 500 (Internal Server Error) @ http://localhost:3100/api/companies/784ff030-4b33-4651-8bdb-5fcfbec17b0d/live-runs:0
[  257557ms] [ERROR] Failed to load resource: the server responded with a status of 500 (Internal Server Error) @ http://localhost:3100/api/companies/784ff030-4b33-4651-8bdb-5fcfbec17b0d/sidebar-badges:0
[  260225ms] [ERROR] Failed to load resource: the server responded with a status of 500 (Internal Server Error) @ http://localhost:3100/api/companies/89c86cab-6fee-4e92-8931-437ccff6e932/sidebar-badges:0
[  260687ms] [ERROR] Failed to load resource: the server responded with a status of 500 (Internal Server Error) @ http://localhost:3100/api/companies/f714b013-1227-46ef-b551-2f44a841f624/sidebar-badges:0
[  264488ms] [ERROR] Failed to load resource: the server responded with a status of 500 (Internal Server Error) @ http://localhost:3100/api/companies/89c86cab-6fee-4e92-8931-437ccff6e932/live-runs:0
[  281070ms] [ERROR] Failed to load resource: the server responded with a status of 500 (Internal Server Error) @ http://localhost:3100/api/companies/f714b013-1227-46ef-b551-2f44a841f624/budgets/overview:0
[  306235ms] [ERROR] Failed to load resource: the server responded with a status of 500 (Internal Server Error) @ http://localhost:3100/api/companies/f714b013-1227-46ef-b551-2f44a841f624/live-runs:0
[  309022ms] [ERROR] Failed to load resource: the server responded with a status of 500 (Internal Server Error) @ http://localhost:3100/api/companies/784ff030-4b33-4651-8bdb-5fcfbec17b0d/live-runs:0
[  341067ms] [ERROR] Failed to load resource: the server responded with a status of 500 (Internal Server Error) @ http://localhost:3100/api/companies/89c86cab-6fee-4e92-8931-437ccff6e932/sidebar-badges:0
[  343401ms] [ERROR] Failed to load resource: the server responded with a status of 500 (Internal Server Error) @ http://localhost:3100/api/companies/784ff030-4b33-4651-8bdb-5fcfbec17b0d/sidebar-badges:0
[  346282ms] [ERROR] Failed to load resource: the server responded with a status of 500 (Internal Server Error) @ http://localhost:3100/api/companies/f714b013-1227-46ef-b551-2f44a841f624/sidebar-badges:0
[  366652ms] [ERROR] Failed to load resource: the server responded with a status of 500 (Internal Server Error) @ http://localhost:3100/api/companies/89c86cab-6fee-4e92-8931-437ccff6e932/live-runs:0
[  386072ms] [ERROR] Failed to load resource: the server responded with a status of 500 (Internal Server Error) @ http://localhost:3100/api/companies/f714b013-1227-46ef-b551-2f44a841f624/budgets/overview:0
[  398923ms] [ERROR] Failed to load resource: the server responded with a status of 500 (Internal Server Error) @ http://localhost:3100/api/companies/f714b013-1227-46ef-b551-2f44a841f624/live-runs:0
[  416659ms] [ERROR] Failed to load resource: the server responded with a status of 500 (Internal Server Error) @ http://localhost:3100/api/companies/784ff030-4b33-4651-8bdb-5fcfbec17b0d/live-runs:0
[  427428ms] [ERROR] Failed to load resource: the server responded with a status of 500 (Internal Server Error) @ http://localhost:3100/api/companies/89c86cab-6fee-4e92-8931-437ccff6e932/sidebar-badges:0
[  433923ms] [ERROR] Failed to load resource: the server responded with a status of 500 (Internal Server Error) @ http://localhost:3100/api/companies/784ff030-4b33-4651-8bdb-5fcfbec17b0d/sidebar-badges:0
[  443144ms] [ERROR] Failed to load resource: the server responded with a status of 500 (Internal Server Error) @ http://localhost:3100/api/companies/f714b013-1227-46ef-b551-2f44a841f624/sidebar-badges:0
[  460974ms] [ERROR] Failed to load resource: the server responded with a status of 500 (Internal Server Error) @ http://localhost:3100/api/companies/89c86cab-6fee-4e92-8931-437ccff6e932/live-runs:0
[  489303ms] [ERROR] Failed to load resource: the server responded with a status of 500 (Internal Server Error) @ http://localhost:3100/api/companies/f714b013-1227-46ef-b551-2f44a841f624/budgets/overview:0
[  492509ms] [ERROR] Failed to load resource: the server responded with a status of 500 (Internal Server Error) @ http://localhost:3100/api/companies/f714b013-1227-46ef-b551-2f44a841f624/live-runs:0
[  501052ms] [ERROR] Failed to load resource: the server responded with a status of 500 (Internal Server Error) @ http://localhost:3100/api/companies/784ff030-4b33-4651-8bdb-5fcfbec17b0d/live-runs:0
[  521658ms] [ERROR] Failed to load resource: the server responded with a status of 500 (Internal Server Error) @ http://localhost:3100/api/companies/89c86cab-6fee-4e92-8931-437ccff6e932/sidebar-badges:0
[  531081ms] [ERROR] Failed to load resource: the server responded with a status of 500 (Internal Server Error) @ http://localhost:3100/api/companies/784ff030-4b33-4651-8bdb-5fcfbec17b0d/sidebar-badges:0
[  553934ms] [ERROR] Failed to load resource: the server responded with a status of 500 (Internal Server Error) @ http://localhost:3100/api/companies/f714b013-1227-46ef-b551-2f44a841f624/sidebar-badges:0
[  581254ms] [ERROR] Failed to load resource: the server responded with a status of 500 (Internal Server Error) @ http://localhost:3100/api/companies/89c86cab-6fee-4e92-8931-437ccff6e932/live-runs:0
[  581562ms] [ERROR] Failed to load resource: the server responded with a status of 500 (Internal Server Error) @ http://localhost:3100/api/companies/f714b013-1227-46ef-b551-2f44a841f624/live-runs:0
[  582503ms] [ERROR] Failed to load resource: the server responded with a status of 500 (Internal Server Error) @ http://localhost:3100/api/companies/f714b013-1227-46ef-b551-2f44a841f624/budgets/overview:0
[  603795ms] [ERROR] Failed to load resource: the server responded with a status of 500 (Internal Server Error) @ http://localhost:3100/api/companies/784ff030-4b33-4651-8bdb-5fcfbec17b0d/live-runs:0
[  625211ms] [ERROR] Failed to load resource: the server responded with a status of 500 (Internal Server Error) @ http://localhost:3100/api/companies/89c86cab-6fee-4e92-8931-437ccff6e932/sidebar-badges:0
[  639725ms] [ERROR] Failed to load resource: the server responded with a status of 500 (Internal Server Error) @ http://localhost:3100/api/companies/784ff030-4b33-4651-8bdb-5fcfbec17b0d/sidebar-badges:0
[  666069ms] [ERROR] Failed to load resource: the server responded with a status of 500 (Internal Server Error) @ http://localhost:3100/api/companies/f714b013-1227-46ef-b551-2f44a841f624/sidebar-badges:0
[  668886ms] [ERROR] Failed to load resource: the server responded with a status of 500 (Internal Server Error) @ http://localhost:3100/api/companies/89c86cab-6fee-4e92-8931-437ccff6e932/live-runs:0
[  671170ms] [ERROR] Failed to load resource: the server responded with a status of 500 (Internal Server Error) @ http://localhost:3100/api/companies/f714b013-1227-46ef-b551-2f44a841f624/live-runs:0
[  681149ms] [ERROR] Failed to load resource: the server responded with a status of 500 (Internal Server Error) @ http://localhost:3100/api/companies/784ff030-4b33-4651-8bdb-5fcfbec17b0d/live-runs:0
[  714733ms] [ERROR] Failed to load resource: the server responded with a status of 500 (Internal Server Error) @ http://localhost:3100/api/companies/f714b013-1227-46ef-b551-2f44a841f624/budgets/overview:0
[  721886ms] [ERROR] Failed to load resource: the server responded with a status of 500 (Internal Server Error) @ http://localhost:3100/api/companies/89c86cab-6fee-4e92-8931-437ccff6e932/sidebar-badges:0
[  733839ms] [ERROR] Failed to load resource: the server responded with a status of 500 (Internal Server Error) @ http://localhost:3100/api/companies/784ff030-4b33-4651-8bdb-5fcfbec17b0d/sidebar-badges:0
[  757458ms] [ERROR] Failed to load resource: the server responded with a status of 500 (Internal Server Error) @ http://localhost:3100/api/companies/f714b013-1227-46ef-b551-2f44a841f624/sidebar-badges:0
[  758587ms] [ERROR] Failed to load resource: the server responded with a status of 500 (Internal Server Error) @ http://localhost:3100/api/companies/89c86cab-6fee-4e92-8931-437ccff6e932/live-runs:0
[  766013ms] [ERROR] Failed to load resource: the server responded with a status of 500 (Internal Server Error) @ http://localhost:3100/api/companies/f714b013-1227-46ef-b551-2f44a841f624/live-runs:0
[  802324ms] [ERROR] Failed to load resource: the server responded with a status of 500 (Internal Server Error) @ http://localhost:3100/api/companies/784ff030-4b33-4651-8bdb-5fcfbec17b0d/live-runs:0
[  807800ms] [ERROR] Failed to load resource: the server responded with a status of 500 (Internal Server Error) @ http://localhost:3100/api/companies/f714b013-1227-46ef-b551-2f44a841f624/budgets/overview:0
[  824623ms] [ERROR] Failed to load resource: the server responded with a status of 500 (Internal Server Error) @ http://localhost:3100/api/companies/89c86cab-6fee-4e92-8931-437ccff6e932/sidebar-badges:0
[  832535ms] [ERROR] Failed to load resource: the server responded with a status of 500 (Internal Server Error) @ http://localhost:3100/api/companies/784ff030-4b33-4651-8bdb-5fcfbec17b0d/sidebar-badges:0
[  844488ms] [ERROR] Failed to load resource: the server responded with a status of 500 (Internal Server Error) @ http://localhost:3100/api/companies/f714b013-1227-46ef-b551-2f44a841f624/sidebar-badges:0
[  851879ms] [ERROR] Failed to load resource: the server responded with a status of 500 (Internal Server Error) @ http://localhost:3100/api/companies/89c86cab-6fee-4e92-8931-437ccff6e932/live-runs:0
[  889500ms] [ERROR] Failed to load resource: the server responded with a status of 500 (Internal Server Error) @ http://localhost:3100/api/companies/784ff030-4b33-4651-8bdb-5fcfbec17b0d/live-runs:0
[  889561ms] [ERROR] Failed to load resource: the server responded with a status of 500 (Internal Server Error) @ http://localhost:3100/api/companies/f714b013-1227-46ef-b551-2f44a841f624/live-runs:0
[  908925ms] [ERROR] Failed to load resource: the server responded with a status of 500 (Internal Server Error) @ http://localhost:3100/api/companies/f714b013-1227-46ef-b551-2f44a841f624/budgets/overview:0
[  913768ms] [ERROR] Failed to load resource: the server responded with a status of 500 (Internal Server Error) @ http://localhost:3100/api/companies/89c86cab-6fee-4e92-8931-437ccff6e932/sidebar-badges:0
[  929470ms] [ERROR] Failed to load resource: the server responded with a status of 500 (Internal Server Error) @ http://localhost:3100/api/companies/784ff030-4b33-4651-8bdb-5fcfbec17b0d/sidebar-badges:0
[  939782ms] [ERROR] Failed to load resource: the server responded with a status of 500 (Internal Server Error) @ http://localhost:3100/api/companies/f714b013-1227-46ef-b551-2f44a841f624/sidebar-badges:0
[  973027ms] [ERROR] Failed to load resource: the server responded with a status of 500 (Internal Server Error) @ http://localhost:3100/api/companies/89c86cab-6fee-4e92-8931-437ccff6e932/live-runs:0
[  986879ms] [ERROR] Failed to load resource: the server responded with a status of 500 (Internal Server Error) @ http://localhost:3100/api/companies/784ff030-4b33-4651-8bdb-5fcfbec17b0d/live-runs:0
[  994809ms] [ERROR] Failed to load resource: the server responded with a status of 500 (Internal Server Error) @ http://localhost:3100/api/companies/f714b013-1227-46ef-b551-2f44a841f624/live-runs:0
[  997152ms] [ERROR] Failed to load resource: the server responded with a status of 500 (Internal Server Error) @ http://localhost:3100/api/companies/f714b013-1227-46ef-b551-2f44a841f624/budgets/overview:0
[ 1004245ms] [ERROR] Failed to load resource: the server responded with a status of 500 (Internal Server Error) @ http://localhost:3100/api/companies/89c86cab-6fee-4e92-8931-437ccff6e932/sidebar-badges:0
[ 1027649ms] [ERROR] Failed to load resource: the server responded with a status of 500 (Internal Server Error) @ http://localhost:3100/api/companies/784ff030-4b33-4651-8bdb-5fcfbec17b0d/sidebar-badges:0
[ 1054136ms] [ERROR] Failed to load resource: the server responded with a status of 500 (Internal Server Error) @ http://localhost:3100/api/companies/f714b013-1227-46ef-b551-2f44a841f624/sidebar-badges:0
[ 1071143ms] [ERROR] Failed to load resource: the server responded with a status of 500 (Internal Server Error) @ http://localhost:3100/api/companies/89c86cab-6fee-4e92-8931-437ccff6e932/live-runs:0
[ 1073959ms] [ERROR] Failed to load resource: the server responded with a status of 500 (Internal Server Error) @ http://localhost:3100/api/companies/784ff030-4b33-4651-8bdb-5fcfbec17b0d/live-runs:0
[ 1082187ms] [ERROR] Failed to load resource: the server responded with a status of 500 (Internal Server Error) @ http://localhost:3100/api/companies/f714b013-1227-46ef-b551-2f44a841f624/live-runs:0
[ 1089215ms] [ERROR] Failed to load resource: the server responded with a status of 500 (Internal Server Error) @ http://localhost:3100/api/companies/89c86cab-6fee-4e92-8931-437ccff6e932/sidebar-badges:0
[ 1098343ms] [ERROR] Failed to load resource: the server responded with a status of 500 (Internal Server Error) @ http://localhost:3100/api/companies/f714b013-1227-46ef-b551-2f44a841f624/budgets/overview:0
[ 1132011ms] [ERROR] Failed to load resource: the server responded with a status of 500 (Internal Server Error) @ http://localhost:3100/api/companies/784ff030-4b33-4651-8bdb-5fcfbec17b0d/sidebar-badges:0
[ 1157815ms] [ERROR] Failed to load resource: the server responded with a status of 500 (Internal Server Error) @ http://localhost:3100/api/companies/89c86cab-6fee-4e92-8931-437ccff6e932/live-runs:0
[ 1160698ms] [ERROR] Failed to load resource: the server responded with a status of 500 (Internal Server Error) @ http://localhost:3100/api/companies/f714b013-1227-46ef-b551-2f44a841f624/sidebar-badges:0
[ 1162096ms] [ERROR] Failed to load resource: the server responded with a status of 500 (Internal Server Error) @ http://localhost:3100/api/companies/784ff030-4b33-4651-8bdb-5fcfbec17b0d/live-runs:0
[ 1177597ms] [ERROR] Failed to load resource: the server responded with a status of 500 (Internal Server Error) @ http://localhost:3100/api/companies/89c86cab-6fee-4e92-8931-437ccff6e932/sidebar-badges:0
[ 1181250ms] [ERROR] Failed to load resource: the server responded with a status of 500 (Internal Server Error) @ http://localhost:3100/api/companies/f714b013-1227-46ef-b551-2f44a841f624/live-runs:0
[ 1209255ms] [ERROR] Failed to load resource: the server responded with a status of 500 (Internal Server Error) @ http://localhost:3100/api/companies/f714b013-1227-46ef-b551-2f44a841f624/budgets/overview:0
[ 1248661ms] [ERROR] Failed to load resource: the server responded with a status of 500 (Internal Server Error) @ http://localhost:3100/api/companies/784ff030-4b33-4651-8bdb-5fcfbec17b0d/sidebar-badges:0
[ 1248802ms] [ERROR] Failed to load resource: the server responded with a status of 500 (Internal Server Error) @ http://localhost:3100/api/companies/89c86cab-6fee-4e92-8931-437ccff6e932/live-runs:0
[ 1249633ms] [ERROR] Failed to load resource: the server responded with a status of 500 (Internal Server Error) @ http://localhost:3100/api/companies/f714b013-1227-46ef-b551-2f44a841f624/sidebar-badges:0
[ 1253898ms] [ERROR] Failed to load resource: the server responded with a status of 500 (Internal Server Error) @ http://localhost:3100/api/companies/784ff030-4b33-4651-8bdb-5fcfbec17b0d/live-runs:0
[ 1271746ms] [ERROR] Failed to load resource: the server responded with a status of 500 (Internal Server Error) @ http://localhost:3100/api/companies/89c86cab-6fee-4e92-8931-437ccff6e932/sidebar-badges:0
[ 1302202ms] [ERROR] Failed to load resource: the server responded with a status of 500 (Internal Server Error) @ http://localhost:3100/api/companies/f714b013-1227-46ef-b551-2f44a841f624/live-runs:0
[ 1338242ms] [ERROR] Failed to load resource: the server responded with a status of 500 (Internal Server Error) @ http://localhost:3100/api/companies/784ff030-4b33-4651-8bdb-5fcfbec17b0d/sidebar-badges:0
[ 1340940ms] [ERROR] Failed to load resource: the server responded with a status of 500 (Internal Server Error) @ http://localhost:3100/api/companies/f714b013-1227-46ef-b551-2f44a841f624/sidebar-badges:0
[ 1342171ms] [ERROR] Failed to load resource: the server responded with a status of 500 (Internal Server Error) @ http://localhost:3100/api/companies/f714b013-1227-46ef-b551-2f44a841f624/budgets/overview:0
[ 1343905ms] [ERROR] Failed to load resource: the server responded with a status of 500 (Internal Server Error) @ http://localhost:3100/api/companies/89c86cab-6fee-4e92-8931-437ccff6e932/live-runs:0
[ 1359306ms] [ERROR] Failed to load resource: the server responded with a status of 500 (Internal Server Error) @ http://localhost:3100/api/companies/784ff030-4b33-4651-8bdb-5fcfbec17b0d/live-runs:0
[ 1386820ms] [ERROR] Failed to load resource: the server responded with a status of 500 (Internal Server Error) @ http://localhost:3100/api/companies/89c86cab-6fee-4e92-8931-437ccff6e932/sidebar-badges:0
[ 1423985ms] [ERROR] Failed to load resource: the server responded with a status of 500 (Internal Server Error) @ http://localhost:3100/api/companies/f714b013-1227-46ef-b551-2f44a841f624/budgets/overview:0
[ 1425386ms] [ERROR] Failed to load resource: the server responded with a status of 500 (Internal Server Error) @ http://localhost:3100/api/companies/f714b013-1227-46ef-b551-2f44a841f624/live-runs:0
[ 1428162ms] [ERROR] Failed to load resource: the server responded with a status of 500 (Internal Server Error) @ http://localhost:3100/api/companies/784ff030-4b33-4651-8bdb-5fcfbec17b0d/sidebar-badges:0
[ 1430965ms] [ERROR] Failed to load resource: the server responded with a status of 500 (Internal Server Error) @ http://localhost:3100/api/companies/89c86cab-6fee-4e92-8931-437ccff6e932/live-runs:0
[ 1449471ms] [ERROR] Failed to load resource: the server responded with a status of 500 (Internal Server Error) @ http://localhost:3100/api/companies/f714b013-1227-46ef-b551-2f44a841f624/sidebar-badges:0
[ 1471304ms] [ERROR] Failed to load resource: the server responded with a status of 500 (Internal Server Error) @ http://localhost:3100/api/companies/784ff030-4b33-4651-8bdb-5fcfbec17b0d/live-runs:0
[ 1504245ms] [ERROR] Failed to load resource: the server responded with a status of 500 (Internal Server Error) @ http://localhost:3100/api/companies/89c86cab-6fee-4e92-8931-437ccff6e932/sidebar-badges:0
[ 1512153ms] [ERROR] Failed to load resource: the server responded with a status of 500 (Internal Server Error) @ http://localhost:3100/api/companies/784ff030-4b33-4651-8bdb-5fcfbec17b0d/sidebar-badges:0
[ 1513752ms] [ERROR] Failed to load resource: the server responded with a status of 500 (Internal Server Error) @ http://localhost:3100/api/companies/f714b013-1227-46ef-b551-2f44a841f624/live-runs:0
[ 1520648ms] [ERROR] Failed to load resource: the server responded with a status of 500 (Internal Server Error) @ http://localhost:3100/api/companies/89c86cab-6fee-4e92-8931-437ccff6e932/live-runs:0
[ 1538757ms] [ERROR] Failed to load resource: the server responded with a status of 500 (Internal Server Error) @ http://localhost:3100/api/companies/f714b013-1227-46ef-b551-2f44a841f624/sidebar-badges:0
[ 1552005ms] [ERROR] Failed to load resource: the server responded with a status of 500 (Internal Server Error) @ http://localhost:3100/api/companies/f714b013-1227-46ef-b551-2f44a841f624/budgets/overview:0
[ 1570655ms] [ERROR] Failed to load resource: the server responded with a status of 500 (Internal Server Error) @ http://localhost:3100/api/companies/784ff030-4b33-4651-8bdb-5fcfbec17b0d/live-runs:0
[ 1593346ms] [ERROR] Failed to load resource: the server responded with a status of 500 (Internal Server Error) @ http://localhost:3100/api/companies/89c86cab-6fee-4e92-8931-437ccff6e932/sidebar-badges:0
[ 1602960ms] [ERROR] Failed to load resource: the server responded with a status of 500 (Internal Server Error) @ http://localhost:3100/api/companies/784ff030-4b33-4651-8bdb-5fcfbec17b0d/sidebar-badges:0
[ 1607334ms] [ERROR] Failed to load resource: the server responded with a status of 500 (Internal Server Error) @ http://localhost:3100/api/companies/f714b013-1227-46ef-b551-2f44a841f624/live-runs:0
[ 1632347ms] [ERROR] Failed to load resource: the server responded with a status of 500 (Internal Server Error) @ http://localhost:3100/api/companies/f714b013-1227-46ef-b551-2f44a841f624/sidebar-badges:0
[ 1632634ms] [ERROR] Failed to load resource: the server responded with a status of 500 (Internal Server Error) @ http://localhost:3100/api/companies/89c86cab-6fee-4e92-8931-437ccff6e932/live-runs:0
[ 1653059ms] [ERROR] Failed to load resource: the server responded with a status of 500 (Internal Server Error) @ http://localhost:3100/api/companies/f714b013-1227-46ef-b551-2f44a841f624/budgets/overview:0
[ 1661002ms] [ERROR] Failed to load resource: the server responded with a status of 500 (Internal Server Error) @ http://localhost:3100/api/companies/784ff030-4b33-4651-8bdb-5fcfbec17b0d/live-runs:0
[ 1682112ms] [ERROR] Failed to load resource: the server responded with a status of 500 (Internal Server Error) @ http://localhost:3100/api/companies/89c86cab-6fee-4e92-8931-437ccff6e932/sidebar-badges:0
[ 1692319ms] [ERROR] Failed to load resource: the server responded with a status of 500 (Internal Server Error) @ http://localhost:3100/api/companies/784ff030-4b33-4651-8bdb-5fcfbec17b0d/sidebar-badges:0
[ 1703856ms] [ERROR] Failed to load resource: the server responded with a status of 500 (Internal Server Error) @ http://localhost:3100/api/companies/f714b013-1227-46ef-b551-2f44a841f624/live-runs:0
[ 1717436ms] [ERROR] Failed to load resource: the server responded with a status of 500 (Internal Server Error) @ http://localhost:3100/api/companies/f714b013-1227-46ef-b551-2f44a841f624/sidebar-badges:0
[ 1727286ms] [ERROR] Failed to load resource: the server responded with a status of 500 (Internal Server Error) @ http://localhost:3100/api/companies/89c86cab-6fee-4e92-8931-437ccff6e932/live-runs:0
[ 1736974ms] [ERROR] Failed to load resource: the server responded with a status of 500 (Internal Server Error) @ http://localhost:3100/api/companies/f714b013-1227-46ef-b551-2f44a841f624/budgets/overview:0
[ 1760357ms] [ERROR] Failed to load resource: the server responded with a status of 500 (Internal Server Error) @ http://localhost:3100/api/companies/784ff030-4b33-4651-8bdb-5fcfbec17b0d/live-runs:0
[ 1781754ms] [ERROR] Failed to load resource: the server responded with a status of 500 (Internal Server Error) @ http://localhost:3100/api/companies/f714b013-1227-46ef-b551-2f44a841f624/live-runs:0
[ 1785507ms] [ERROR] Failed to load resource: the server responded with a status of 500 (Internal Server Error) @ http://localhost:3100/api/companies/89c86cab-6fee-4e92-8931-437ccff6e932/sidebar-badges:0
[ 1786134ms] [ERROR] Failed to load resource: the server responded with a status of 500 (Internal Server Error) @ http://localhost:3100/api/companies/784ff030-4b33-4651-8bdb-5fcfbec17b0d/sidebar-badges:0
[ 1816653ms] [ERROR] Failed to load resource: the server responded with a status of 500 (Internal Server Error) @ http://localhost:3100/api/companies/89c86cab-6fee-4e92-8931-437ccff6e932/live-runs:0
[ 1818672ms] [ERROR] Failed to load resource: the server responded with a status of 500 (Internal Server Error) @ http://localhost:3100/api/companies/f714b013-1227-46ef-b551-2f44a841f624/sidebar-badges:0
[ 1831637ms] [ERROR] Failed to load resource: the server responded with a status of 500 (Internal Server Error) @ http://localhost:3100/api/companies/f714b013-1227-46ef-b551-2f44a841f624/budgets/overview:0
[ 1870144ms] [ERROR] Failed to load resource: the server responded with a status of 500 (Internal Server Error) @ http://localhost:3100/api/companies/f714b013-1227-46ef-b551-2f44a841f624/live-runs:0
[ 1872186ms] [ERROR] Failed to load resource: the server responded with a status of 500 (Internal Server Error) @ http://localhost:3100/api/companies/89c86cab-6fee-4e92-8931-437ccff6e932/sidebar-badges:0
[ 1873544ms] [ERROR] Failed to load resource: the server responded with a status of 500 (Internal Server Error) @ http://localhost:3100/api/companies/784ff030-4b33-4651-8bdb-5fcfbec17b0d/live-runs:0
[ 1898283ms] [ERROR] Failed to load resource: the server responded with a status of 500 (Internal Server Error) @ http://localhost:3100/api/companies/784ff030-4b33-4651-8bdb-5fcfbec17b0d/sidebar-badges:0
[ 1908988ms] [ERROR] Failed to load resource: the server responded with a status of 500 (Internal Server Error) @ http://localhost:3100/api/companies/89c86cab-6fee-4e92-8931-437ccff6e932/live-runs:0
[ 1916977ms] [ERROR] Failed to load resource: the server responded with a status of 500 (Internal Server Error) @ http://localhost:3100/api/companies/f714b013-1227-46ef-b551-2f44a841f624/sidebar-badges:0
