[   10898ms] [ERROR] Failed to load resource: the server responded with a status of 500 (Internal Server Error) @ http://localhost:3100/api/companies/f714b013-1227-46ef-b551-2f44a841f624/budgets/overview:0
[   11369ms] [WARNING] <meta name="apple-mobile-web-app-capable" content="yes"> is deprecated. Please include <meta name="mobile-web-app-capable" content="yes"> @ http://localhost:3100/FEC/agents/estrategista-seo-2026/dashboard:0
[   11431ms] [WARNING] WebSocket connection to 'ws://localhost:3100/api/companies/f714b013-1227-46ef-b551-2f44a841f624/events/ws' failed: WebSocket is closed before the connection is established. @ http://localhost:3100/assets/index-jDIK0KDk.js:1119
[   90675ms] [ERROR] Failed to load resource: the server responded with a status of 500 (Internal Server Error) @ http://localhost:3100/api/companies:0
[   91162ms] [WARNING] <meta name="apple-mobile-web-app-capable" content="yes"> is deprecated. Please include <meta name="mobile-web-app-capable" content="yes"> @ http://localhost:3100/FEC/agents/estrategista-seo-2026/dashboard:0
[   91214ms] [WARNING] WebSocket connection to 'ws://localhost:3100/api/companies/f714b013-1227-46ef-b551-2f44a841f624/events/ws' failed: WebSocket is closed before the connection is established. @ http://localhost:3100/assets/index-jDIK0KDk.js:1119
[  189099ms] [ERROR] Failed to load resource: the server responded with a status of 500 (Internal Server Error) @ http://localhost:3100/api/companies:0
[  195583ms] [ERROR] Failed to load resource: the server responded with a status of 500 (Internal Server Error) @ http://localhost:3100/api/companies/f714b013-1227-46ef-b551-2f44a841f624/agents:0
[  198505ms] [ERROR] Failed to load resource: the server responded with a status of 500 (Internal Server Error) @ http://localhost:3100/api/companies/f714b013-1227-46ef-b551-2f44a841f624/projects:0
[  199329ms] [ERROR] Failed to load resource: the server responded with a status of 500 (Internal Server Error) @ http://localhost:3100/api/plugins/ui-contributions:0
[  202771ms] [ERROR] Failed to load resource: the server responded with a status of 500 (Internal Server Error) @ http://localhost:3100/api/companies/f714b013-1227-46ef-b551-2f44a841f624/live-runs:0
[  208313ms] [ERROR] Failed to load resource: the server responded with a status of 500 (Internal Server Error) @ http://localhost:3100/api/companies/f714b013-1227-46ef-b551-2f44a841f624/approvals:0
[  273075ms] [ERROR] Failed to load resource: the server responded with a status of 500 (Internal Server Error) @ http://localhost:3100/api/companies/f714b013-1227-46ef-b551-2f44a841f624/join-requests?status=pending_approval:0
[  279876ms] [ERROR] Failed to load resource: the server responded with a status of 500 (Internal Server Error) @ http://localhost:3100/api/companies/f714b013-1227-46ef-b551-2f44a841f624/dashboard:0
[  287111ms] [ERROR] Failed to load resource: the server responded with a status of 500 (Internal Server Error) @ http://localhost:3100/api/companies/f714b013-1227-46ef-b551-2f44a841f624/issues?status=backlog%2Ctodo%2Cin_progress%2Cin_review%2Cblocked%2Cdone&touchedByUserId=me:0
[  289876ms] [ERROR] Failed to load resource: the server responded with a status of 500 (Internal Server Error) @ http://localhost:3100/api/agents/estrategista-seo-2026?companyId=f714b013-1227-46ef-b551-2f44a841f624:0
[  290862ms] [ERROR] Failed to load resource: the server responded with a status of 500 (Internal Server Error) @ http://localhost:3100/api/companies/f714b013-1227-46ef-b551-2f44a841f624/heartbeat-runs:0
[  294756ms] [ERROR] Failed to load resource: the server responded with a status of 500 (Internal Server Error) @ http://localhost:3100/api/companies/f714b013-1227-46ef-b551-2f44a841f624/issues:0
[  374947ms] [ERROR] Failed to load resource: the server responded with a status of 500 (Internal Server Error) @ http://localhost:3100/api/companies/f714b013-1227-46ef-b551-2f44a841f624/budgets/overview:0
[  378214ms] [ERROR] Failed to load resource: the server responded with a status of 500 (Internal Server Error) @ http://localhost:3100/api/companies/f714b013-1227-46ef-b551-2f44a841f624/agents:0
[  380003ms] [ERROR] Failed to load resource: the server responded with a status of 500 (Internal Server Error) @ http://localhost:3100/api/companies/f714b013-1227-46ef-b551-2f44a841f624/projects:0
[  392241ms] [ERROR] Failed to load resource: the server responded with a status of 500 (Internal Server Error) @ http://localhost:3100/api/plugins/ui-contributions:0
[  395726ms] [ERROR] Failed to load resource: the server responded with a status of 500 (Internal Server Error) @ http://localhost:3100/api/companies/f714b013-1227-46ef-b551-2f44a841f624/live-runs:0
[  411013ms] [ERROR] Failed to load resource: the server responded with a status of 500 (Internal Server Error) @ http://localhost:3100/api/companies/f714b013-1227-46ef-b551-2f44a841f624/approvals:0
[  420084ms] [ERROR] Failed to load resource: the server responded with a status of 500 (Internal Server Error) @ http://localhost:3100/api/companies/f714b013-1227-46ef-b551-2f44a841f624/dashboard:0
[  428957ms] [ERROR] Failed to load resource: the server responded with a status of 500 (Internal Server Error) @ http://localhost:3100/api/companies/f714b013-1227-46ef-b551-2f44a841f624/issues?status=backlog%2Ctodo%2Cin_progress%2Cin_review%2Cblocked%2Cdone&touchedByUserId=me:0
[  455292ms] [ERROR] Failed to load resource: the server responded with a status of 500 (Internal Server Error) @ http://localhost:3100/api/agents/estrategista-seo-2026?companyId=f714b013-1227-46ef-b551-2f44a841f624:0
[  456806ms] [ERROR] Failed to load resource: the server responded with a status of 500 (Internal Server Error) @ http://localhost:3100/api/companies/f714b013-1227-46ef-b551-2f44a841f624/heartbeat-runs:0
[  464270ms] [ERROR] Failed to load resource: the server responded with a status of 500 (Internal Server Error) @ http://localhost:3100/api/companies/f714b013-1227-46ef-b551-2f44a841f624/issues:0
[  467659ms] [ERROR] Failed to load resource: the server responded with a status of 500 (Internal Server Error) @ http://localhost:3100/api/companies/f714b013-1227-46ef-b551-2f44a841f624/budgets/overview:0
[  469874ms] [ERROR] Failed to load resource: the server responded with a status of 500 (Internal Server Error) @ http://localhost:3100/api/companies/f714b013-1227-46ef-b551-2f44a841f624/projects:0
[  474641ms] [ERROR] Failed to load resource: the server responded with a status of 500 (Internal Server Error) @ http://localhost:3100/api/companies/f714b013-1227-46ef-b551-2f44a841f624/agents:0
[  499793ms] [ERROR] Failed to load resource: the server responded with a status of 500 (Internal Server Error) @ http://localhost:3100/api/plugins/ui-contributions:0
[  505106ms] [ERROR] Failed to load resource: the server responded with a status of 500 (Internal Server Error) @ http://localhost:3100/api/companies/f714b013-1227-46ef-b551-2f44a841f624/dashboard:0
[  508498ms] [ERROR] Failed to load resource: the server responded with a status of 500 (Internal Server Error) @ http://localhost:3100/api/companies/f714b013-1227-46ef-b551-2f44a841f624/approvals:0
[  510707ms] [ERROR] Failed to load resource: the server responded with a status of 500 (Internal Server Error) @ http://localhost:3100/api/companies/f714b013-1227-46ef-b551-2f44a841f624/live-runs:0
[  517150ms] [ERROR] Failed to load resource: the server responded with a status of 500 (Internal Server Error) @ http://localhost:3100/api/companies/f714b013-1227-46ef-b551-2f44a841f624/issues?status=backlog%2Ctodo%2Cin_progress%2Cin_review%2Cblocked%2Cdone&touchedByUserId=me:0
[  533049ms] [ERROR] Failed to load resource: the server responded with a status of 500 (Internal Server Error) @ http://localhost:3100/api/agents/estrategista-seo-2026?companyId=f714b013-1227-46ef-b551-2f44a841f624:0
[  549956ms] [ERROR] Failed to load resource: the server responded with a status of 500 (Internal Server Error) @ http://localhost:3100/api/companies/f714b013-1227-46ef-b551-2f44a841f624/heartbeat-runs:0
[  553990ms] [ERROR] Failed to load resource: the server responded with a status of 500 (Internal Server Error) @ http://localhost:3100/api/companies/f714b013-1227-46ef-b551-2f44a841f624/budgets/overview:0
[  556839ms] [ERROR] Failed to load resource: the server responded with a status of 500 (Internal Server Error) @ http://localhost:3100/api/companies/f714b013-1227-46ef-b551-2f44a841f624/issues:0
[  557237ms] [ERROR] Failed to load resource: the server responded with a status of 500 (Internal Server Error) @ http://localhost:3100/api/companies/f714b013-1227-46ef-b551-2f44a841f624/agents:0
[  558402ms] [ERROR] Failed to load resource: the server responded with a status of 500 (Internal Server Error) @ http://localhost:3100/api/companies/f714b013-1227-46ef-b551-2f44a841f624/projects:0
[  581604ms] [ERROR] Failed to load resource: the server responded with a status of 500 (Internal Server Error) @ http://localhost:3100/api/plugins/ui-contributions:0
[  589371ms] [ERROR] Failed to load resource: the server responded with a status of 500 (Internal Server Error) @ http://localhost:3100/api/companies/f714b013-1227-46ef-b551-2f44a841f624/dashboard:0
[  590100ms] [ERROR] Failed to load resource: the server responded with a status of 500 (Internal Server Error) @ http://localhost:3100/api/companies/f714b013-1227-46ef-b551-2f44a841f624/approvals:0
[  596299ms] [ERROR] Failed to load resource: the server responded with a status of 500 (Internal Server Error) @ http://localhost:3100/api/companies/f714b013-1227-46ef-b551-2f44a841f624/issues?status=backlog%2Ctodo%2Cin_progress%2Cin_review%2Cblocked%2Cdone&touchedByUserId=me:0
[  596948ms] [ERROR] Failed to load resource: the server responded with a status of 500 (Internal Server Error) @ http://localhost:3100/api/agents/estrategista-seo-2026?companyId=f714b013-1227-46ef-b551-2f44a841f624:0
[  597116ms] [ERROR] Failed to load resource: the server responded with a status of 500 (Internal Server Error) @ http://localhost:3100/api/companies/f714b013-1227-46ef-b551-2f44a841f624/live-runs:0
[  623476ms] [ERROR] Failed to load resource: the server responded with a status of 500 (Internal Server Error) @ http://localhost:3100/api/companies/f714b013-1227-46ef-b551-2f44a841f624/heartbeat-runs:0
[  634455ms] [ERROR] Failed to load resource: the server responded with a status of 500 (Internal Server Error) @ http://localhost:3100/api/companies/f714b013-1227-46ef-b551-2f44a841f624/budgets/overview:0
[  645090ms] [ERROR] Failed to load resource: the server responded with a status of 500 (Internal Server Error) @ http://localhost:3100/api/companies/f714b013-1227-46ef-b551-2f44a841f624/issues:0
[  646351ms] [ERROR] Failed to load resource: the server responded with a status of 500 (Internal Server Error) @ http://localhost:3100/api/companies/f714b013-1227-46ef-b551-2f44a841f624/live-runs:0
[  677384ms] [ERROR] Failed to load resource: the server responded with a status of 500 (Internal Server Error) @ http://localhost:3100/api/companies/f714b013-1227-46ef-b551-2f44a841f624/live-runs:0
[  694776ms] [ERROR] Failed to load resource: the server responded with a status of 500 (Internal Server Error) @ http://localhost:3100/api/companies/f714b013-1227-46ef-b551-2f44a841f624/budgets/overview:0
[  709418ms] [ERROR] Failed to load resource: the server responded with a status of 500 (Internal Server Error) @ http://localhost:3100/api/companies/f714b013-1227-46ef-b551-2f44a841f624/live-runs:0
[  725808ms] [ERROR] Failed to load resource: the server responded with a status of 500 (Internal Server Error) @ http://localhost:3100/api/companies/f714b013-1227-46ef-b551-2f44a841f624/budgets/overview:0
[  743452ms] [ERROR] Failed to load resource: the server responded with a status of 500 (Internal Server Error) @ http://localhost:3100/api/companies/f714b013-1227-46ef-b551-2f44a841f624/live-runs:0
[  757836ms] [ERROR] Failed to load resource: the server responded with a status of 500 (Internal Server Error) @ http://localhost:3100/api/companies/f714b013-1227-46ef-b551-2f44a841f624/budgets/overview:0
[  783808ms] [ERROR] Failed to load resource: the server responded with a status of 500 (Internal Server Error) @ http://localhost:3100/api/companies/f714b013-1227-46ef-b551-2f44a841f624/live-runs:0
[  791890ms] [ERROR] Failed to load resource: the server responded with a status of 500 (Internal Server Error) @ http://localhost:3100/api/companies/f714b013-1227-46ef-b551-2f44a841f624/budgets/overview:0
[  814843ms] [ERROR] Failed to load resource: the server responded with a status of 500 (Internal Server Error) @ http://localhost:3100/api/companies/f714b013-1227-46ef-b551-2f44a841f624/live-runs:0
[  846875ms] [ERROR] Failed to load resource: the server responded with a status of 500 (Internal Server Error) @ http://localhost:3100/api/companies/f714b013-1227-46ef-b551-2f44a841f624/live-runs:0
[  852220ms] [ERROR] Failed to load resource: the server responded with a status of 500 (Internal Server Error) @ http://localhost:3100/api/companies/f714b013-1227-46ef-b551-2f44a841f624/budgets/overview:0
[  880895ms] [ERROR] Failed to load resource: the server responded with a status of 500 (Internal Server Error) @ http://localhost:3100/api/companies/f714b013-1227-46ef-b551-2f44a841f624/live-runs:0
[  883242ms] [ERROR] Failed to load resource: the server responded with a status of 500 (Internal Server Error) @ http://localhost:3100/api/companies/f714b013-1227-46ef-b551-2f44a841f624/budgets/overview:0
[  915275ms] [ERROR] Failed to load resource: the server responded with a status of 500 (Internal Server Error) @ http://localhost:3100/api/companies/f714b013-1227-46ef-b551-2f44a841f624/budgets/overview:0
[  921223ms] [ERROR] Failed to load resource: the server responded with a status of 500 (Internal Server Error) @ http://localhost:3100/api/companies/f714b013-1227-46ef-b551-2f44a841f624/live-runs:0
[  949304ms] [ERROR] Failed to load resource: the server responded with a status of 500 (Internal Server Error) @ http://localhost:3100/api/companies/f714b013-1227-46ef-b551-2f44a841f624/budgets/overview:0
[  952260ms] [ERROR] Failed to load resource: the server responded with a status of 500 (Internal Server Error) @ http://localhost:3100/api/companies/f714b013-1227-46ef-b551-2f44a841f624/live-runs:0
[  984296ms] [ERROR] Failed to load resource: the server responded with a status of 500 (Internal Server Error) @ http://localhost:3100/api/companies/f714b013-1227-46ef-b551-2f44a841f624/live-runs:0
[ 1009641ms] [ERROR] Failed to load resource: the server responded with a status of 500 (Internal Server Error) @ http://localhost:3100/api/companies/f714b013-1227-46ef-b551-2f44a841f624/budgets/overview:0
[ 1018315ms] [ERROR] Failed to load resource: the server responded with a status of 500 (Internal Server Error) @ http://localhost:3100/api/companies/f714b013-1227-46ef-b551-2f44a841f624/live-runs:0
[ 1040659ms] [ERROR] Failed to load resource: the server responded with a status of 500 (Internal Server Error) @ http://localhost:3100/api/companies/f714b013-1227-46ef-b551-2f44a841f624/budgets/overview:0
[ 1058651ms] [ERROR] Failed to load resource: the server responded with a status of 500 (Internal Server Error) @ http://localhost:3100/api/companies/f714b013-1227-46ef-b551-2f44a841f624/live-runs:0
[ 1072692ms] [ERROR] Failed to load resource: the server responded with a status of 500 (Internal Server Error) @ http://localhost:3100/api/companies/f714b013-1227-46ef-b551-2f44a841f624/budgets/overview:0
[ 1089677ms] [ERROR] Failed to load resource: the server responded with a status of 500 (Internal Server Error) @ http://localhost:3100/api/companies/f714b013-1227-46ef-b551-2f44a841f624/live-runs:0
[ 1106724ms] [ERROR] Failed to load resource: the server responded with a status of 500 (Internal Server Error) @ http://localhost:3100/api/companies/f714b013-1227-46ef-b551-2f44a841f624/budgets/overview:0
[ 1121693ms] [ERROR] Failed to load resource: the server responded with a status of 500 (Internal Server Error) @ http://localhost:3100/api/companies/f714b013-1227-46ef-b551-2f44a841f624/live-runs:0
[ 1155714ms] [ERROR] Failed to load resource: the server responded with a status of 500 (Internal Server Error) @ http://localhost:3100/api/companies/f714b013-1227-46ef-b551-2f44a841f624/live-runs:0
[ 1167061ms] [ERROR] Failed to load resource: the server responded with a status of 500 (Internal Server Error) @ http://localhost:3100/api/companies/f714b013-1227-46ef-b551-2f44a841f624/budgets/overview:0
[ 1196042ms] [ERROR] Failed to load resource: the server responded with a status of 500 (Internal Server Error) @ http://localhost:3100/api/companies/f714b013-1227-46ef-b551-2f44a841f624/live-runs:0
[ 1198094ms] [ERROR] Failed to load resource: the server responded with a status of 500 (Internal Server Error) @ http://localhost:3100/api/companies/f714b013-1227-46ef-b551-2f44a841f624/budgets/overview:0
[ 1227067ms] [ERROR] Failed to load resource: the server responded with a status of 500 (Internal Server Error) @ http://localhost:3100/api/companies/f714b013-1227-46ef-b551-2f44a841f624/live-runs:0
[ 1230134ms] [ERROR] Failed to load resource: the server responded with a status of 500 (Internal Server Error) @ http://localhost:3100/api/companies/f714b013-1227-46ef-b551-2f44a841f624/budgets/overview:0
[ 1259091ms] [ERROR] Failed to load resource: the server responded with a status of 500 (Internal Server Error) @ http://localhost:3100/api/companies/f714b013-1227-46ef-b551-2f44a841f624/live-runs:0
[ 1264168ms] [ERROR] Failed to load resource: the server responded with a status of 500 (Internal Server Error) @ http://localhost:3100/api/companies/f714b013-1227-46ef-b551-2f44a841f624/budgets/overview:0
[ 1293123ms] [ERROR] Failed to load resource: the server responded with a status of 500 (Internal Server Error) @ http://localhost:3100/api/companies/f714b013-1227-46ef-b551-2f44a841f624/live-runs:0
[ 1324202ms] [ERROR] Failed to load resource: the server responded with a status of 500 (Internal Server Error) @ http://localhost:3100/api/companies/f714b013-1227-46ef-b551-2f44a841f624/budgets/overview:0
[ 1333472ms] [ERROR] Failed to load resource: the server responded with a status of 500 (Internal Server Error) @ http://localhost:3100/api/companies/f714b013-1227-46ef-b551-2f44a841f624/live-runs:0
[ 1355230ms] [ERROR] Failed to load resource: the server responded with a status of 500 (Internal Server Error) @ http://localhost:3100/api/companies/f714b013-1227-46ef-b551-2f44a841f624/budgets/overview:0
[ 1364500ms] [ERROR] Failed to load resource: the server responded with a status of 500 (Internal Server Error) @ http://localhost:3100/api/companies/f714b013-1227-46ef-b551-2f44a841f624/live-runs:0
[ 1387247ms] [ERROR] Failed to load resource: the server responded with a status of 500 (Internal Server Error) @ http://localhost:3100/api/companies/f714b013-1227-46ef-b551-2f44a841f624/budgets/overview:0
[ 1396515ms] [ERROR] Failed to load resource: the server responded with a status of 500 (Internal Server Error) @ http://localhost:3100/api/companies/f714b013-1227-46ef-b551-2f44a841f624/live-runs:0
[ 1421274ms] [ERROR] Failed to load resource: the server responded with a status of 500 (Internal Server Error) @ http://localhost:3100/api/companies/f714b013-1227-46ef-b551-2f44a841f624/budgets/overview:0
[ 1430560ms] [ERROR] Failed to load resource: the server responded with a status of 500 (Internal Server Error) @ http://localhost:3100/api/companies/f714b013-1227-46ef-b551-2f44a841f624/live-runs:0
[ 1470891ms] [ERROR] Failed to load resource: the server responded with a status of 500 (Internal Server Error) @ http://localhost:3100/api/companies/f714b013-1227-46ef-b551-2f44a841f624/live-runs:0
[ 1481304ms] [ERROR] Failed to load resource: the server responded with a status of 500 (Internal Server Error) @ http://localhost:3100/api/companies/f714b013-1227-46ef-b551-2f44a841f624/budgets/overview:0
[ 1501904ms] [ERROR] Failed to load resource: the server responded with a status of 500 (Internal Server Error) @ http://localhost:3100/api/companies/f714b013-1227-46ef-b551-2f44a841f624/live-runs:0
[ 1512328ms] [ERROR] Failed to load resource: the server responded with a status of 500 (Internal Server Error) @ http://localhost:3100/api/companies/f714b013-1227-46ef-b551-2f44a841f624/budgets/overview:0
[ 1533932ms] [ERROR] Failed to load resource: the server responded with a status of 500 (Internal Server Error) @ http://localhost:3100/api/companies/f714b013-1227-46ef-b551-2f44a841f624/live-runs:0
[ 1544350ms] [ERROR] Failed to load resource: the server responded with a status of 500 (Internal Server Error) @ http://localhost:3100/api/companies/f714b013-1227-46ef-b551-2f44a841f624/budgets/overview:0
[ 1567968ms] [ERROR] Failed to load resource: the server responded with a status of 500 (Internal Server Error) @ http://localhost:3100/api/companies/f714b013-1227-46ef-b551-2f44a841f624/live-runs:0
[ 1578380ms] [ERROR] Failed to load resource: the server responded with a status of 500 (Internal Server Error) @ http://localhost:3100/api/companies/f714b013-1227-46ef-b551-2f44a841f624/budgets/overview:0
[ 1608315ms] [ERROR] Failed to load resource: the server responded with a status of 500 (Internal Server Error) @ http://localhost:3100/api/companies/f714b013-1227-46ef-b551-2f44a841f624/live-runs:0
[ 1638404ms] [ERROR] Failed to load resource: the server responded with a status of 500 (Internal Server Error) @ http://localhost:3100/api/companies/f714b013-1227-46ef-b551-2f44a841f624/budgets/overview:0
[ 1639657ms] [ERROR] Failed to load resource: the server responded with a status of 500 (Internal Server Error) @ http://localhost:3100/api/companies/f714b013-1227-46ef-b551-2f44a841f624/live-runs:0
[ 1669433ms] [ERROR] Failed to load resource: the server responded with a status of 500 (Internal Server Error) @ http://localhost:3100/api/companies/f714b013-1227-46ef-b551-2f44a841f624/budgets/overview:0
[ 1671698ms] [ERROR] Failed to load resource: the server responded with a status of 500 (Internal Server Error) @ http://localhost:3100/api/companies/f714b013-1227-46ef-b551-2f44a841f624/live-runs:0
[ 1701460ms] [ERROR] Failed to load resource: the server responded with a status of 500 (Internal Server Error) @ http://localhost:3100/api/companies/f714b013-1227-46ef-b551-2f44a841f624/budgets/overview:0
[ 1705714ms] [ERROR] Failed to load resource: the server responded with a status of 500 (Internal Server Error) @ http://localhost:3100/api/companies/f714b013-1227-46ef-b551-2f44a841f624/live-runs:0
[ 1735495ms] [ERROR] Failed to load resource: the server responded with a status of 500 (Internal Server Error) @ http://localhost:3100/api/companies/f714b013-1227-46ef-b551-2f44a841f624/budgets/overview:0
[ 1746061ms] [ERROR] Failed to load resource: the server responded with a status of 500 (Internal Server Error) @ http://localhost:3100/api/companies/f714b013-1227-46ef-b551-2f44a841f624/live-runs:0
[ 1777081ms] [ERROR] Failed to load resource: the server responded with a status of 500 (Internal Server Error) @ http://localhost:3100/api/companies/f714b013-1227-46ef-b551-2f44a841f624/live-runs:0
[ 1795837ms] [ERROR] Failed to load resource: the server responded with a status of 500 (Internal Server Error) @ http://localhost:3100/api/companies/f714b013-1227-46ef-b551-2f44a841f624/budgets/overview:0
[ 1809125ms] [ERROR] Failed to load resource: the server responded with a status of 500 (Internal Server Error) @ http://localhost:3100/api/companies/f714b013-1227-46ef-b551-2f44a841f624/live-runs:0
[ 1826871ms] [ERROR] Failed to load resource: the server responded with a status of 500 (Internal Server Error) @ http://localhost:3100/api/companies/f714b013-1227-46ef-b551-2f44a841f624/budgets/overview:0
[ 1843161ms] [ERROR] Failed to load resource: the server responded with a status of 500 (Internal Server Error) @ http://localhost:3100/api/companies/f714b013-1227-46ef-b551-2f44a841f624/live-runs:0
[ 1858903ms] [ERROR] Failed to load resource: the server responded with a status of 500 (Internal Server Error) @ http://localhost:3100/api/companies/f714b013-1227-46ef-b551-2f44a841f624/budgets/overview:0
[ 1883500ms] [ERROR] Failed to load resource: the server responded with a status of 500 (Internal Server Error) @ http://localhost:3100/api/companies/f714b013-1227-46ef-b551-2f44a841f624/live-runs:0
[ 1892920ms] [ERROR] Failed to load resource: the server responded with a status of 500 (Internal Server Error) @ http://localhost:3100/api/companies/f714b013-1227-46ef-b551-2f44a841f624/budgets/overview:0
[ 1914525ms] [ERROR] Failed to load resource: the server responded with a status of 500 (Internal Server Error) @ http://localhost:3100/api/companies/f714b013-1227-46ef-b551-2f44a841f624/live-runs:0
[ 1946557ms] [ERROR] Failed to load resource: the server responded with a status of 500 (Internal Server Error) @ http://localhost:3100/api/companies/f714b013-1227-46ef-b551-2f44a841f624/live-runs:0
[ 1953269ms] [ERROR] Failed to load resource: the server responded with a status of 500 (Internal Server Error) @ http://localhost:3100/api/companies/f714b013-1227-46ef-b551-2f44a841f624/budgets/overview:0
[ 1972689ms] [ERROR] Failed to load resource: net::ERR_CONNECTION_REFUSED @ http://localhost:3100/api/companies/f714b013-1227-46ef-b551-2f44a841f624/budgets/overview:0
[ 1972690ms] [ERROR] Failed to load resource: net::ERR_CONNECTION_REFUSED @ http://localhost:3100/api/companies/f714b013-1227-46ef-b551-2f44a841f624/live-runs:0
[ 1973705ms] [ERROR] WebSocket connection to 'ws://localhost:3100/api/companies/f714b013-1227-46ef-b551-2f44a841f624/events/ws' failed: Error in connection establishment: net::ERR_CONNECTION_REFUSED @ http://localhost:3100/assets/index-jDIK0KDk.js:1119
[ 1977034ms] [ERROR] Failed to load resource: net::ERR_CONNECTION_REFUSED @ http://localhost:3100/api/companies/f714b013-1227-46ef-b551-2f44a841f624/budgets/overview:0
[ 1978038ms] [ERROR] WebSocket connection to 'ws://localhost:3100/api/companies/f714b013-1227-46ef-b551-2f44a841f624/events/ws' failed: Error in connection establishment: net::ERR_CONNECTION_REFUSED @ http://localhost:3100/assets/index-jDIK0KDk.js:1119
[ 1983384ms] [ERROR] Failed to load resource: net::ERR_CONNECTION_REFUSED @ http://localhost:3100/api/companies/f714b013-1227-46ef-b551-2f44a841f624/budgets/overview:0
[ 1983650ms] [ERROR] Failed to load resource: net::ERR_CONNECTION_REFUSED @ http://localhost:3100/api/companies/f714b013-1227-46ef-b551-2f44a841f624/live-runs:0
[ 1984386ms] [ERROR] WebSocket connection to 'ws://localhost:3100/api/companies/f714b013-1227-46ef-b551-2f44a841f624/events/ws' failed: Error in connection establishment: net::ERR_CONNECTION_REFUSED @ http://localhost:3100/assets/index-jDIK0KDk.js:1119
[ 1985035ms] [ERROR] Failed to load resource: net::ERR_CONNECTION_REFUSED @ http://localhost:3100/api/companies/f714b013-1227-46ef-b551-2f44a841f624/live-runs:0
[ 1989394ms] [ERROR] Failed to load resource: net::ERR_CONNECTION_REFUSED @ http://localhost:3100/api/companies/f714b013-1227-46ef-b551-2f44a841f624/live-runs:0
[ 1994742ms] [ERROR] WebSocket connection to 'ws://localhost:3100/api/companies/f714b013-1227-46ef-b551-2f44a841f624/events/ws' failed: Error in connection establishment: net::ERR_CONNECTION_REFUSED @ http://localhost:3100/assets/index-jDIK0KDk.js:1119
[ 1995745ms] [ERROR] Failed to load resource: net::ERR_CONNECTION_REFUSED @ http://localhost:3100/api/companies/f714b013-1227-46ef-b551-2f44a841f624/live-runs:0
[ 2008087ms] [ERROR] Failed to load resource: net::ERR_CONNECTION_REFUSED @ http://localhost:3100/api/companies/f714b013-1227-46ef-b551-2f44a841f624/live-runs:0
